<?xml version="1.0" encoding="UTF-8"?>
<testsuite name="com.aor.pacman.model.ArenaTest" tests="6" skipped="0" failures="0" errors="0" timestamp="2022-12-23T18:12:44" hostname="GCSAM-DESKTOP" time="0.033">
  <properties/>
  <testcase name="height()" classname="com.aor.pacman.model.ArenaTest" time="0.024"/>
  <testcase name="paused()" classname="com.aor.pacman.model.ArenaTest" time="0.003"/>
  <testcase name="empty()" classname="com.aor.pacman.model.ArenaTest" time="0.002"/>
  <testcase name="level()" classname="com.aor.pacman.model.ArenaTest" time="0.001"/>
  <testcase name="width()" classname="com.aor.pacman.model.ArenaTest" time="0.001"/>
  <testcase name="monster()" classname="com.aor.pacman.model.ArenaTest" time="0.002"/>
  <system-out><![CDATA[]]></system-out>
  <system-err><![CDATA[]]></system-err>
</testsuite>
