<?xml version="1.0" encoding="UTF-8"?>
<testsuite name="com.aor.pacman.controller.MonsterControllerTest" tests="3" skipped="0" failures="0" errors="0" timestamp="2022-12-23T18:12:44" hostname="GCSAM-DESKTOP" time="0.364">
  <properties/>
  <testcase name="moveMonsters()" classname="com.aor.pacman.controller.MonsterControllerTest" time="0.361"/>
  <testcase name="moveMonstersGap()" classname="com.aor.pacman.controller.MonsterControllerTest" time="0.001"/>
  <testcase name="moveMonstersClosed()" classname="com.aor.pacman.controller.MonsterControllerTest" time="0.001"/>
  <system-out><![CDATA[]]></system-out>
  <system-err><![CDATA[]]></system-err>
</testsuite>
