<?xml version="1.0" encoding="UTF-8"?>
<testsuite name="com.aor.pacman.viewer.PacmanViewerTest" tests="1" skipped="0" failures="0" errors="0" timestamp="2022-12-23T18:12:44" hostname="GCSAM-DESKTOP" time="0.0">
  <properties/>
  <testcase name="drawElement()" classname="com.aor.pacman.viewer.PacmanViewerTest" time="0.0"/>
  <system-out><![CDATA[]]></system-out>
  <system-err><![CDATA[]]></system-err>
</testsuite>
