<?xml version="1.0" encoding="UTF-8"?>
<testsuite name="com.aor.pacman.model.PacmanTest" tests="2" skipped="0" failures="0" errors="0" timestamp="2022-12-23T18:12:44" hostname="GCSAM-DESKTOP" time="0.0">
  <properties/>
  <testcase name="positionReset()" classname="com.aor.pacman.model.PacmanTest" time="0.0"/>
  <testcase name="lifeDecrease()" classname="com.aor.pacman.model.PacmanTest" time="0.0"/>
  <system-out><![CDATA[]]></system-out>
  <system-err><![CDATA[]]></system-err>
</testsuite>
