<?xml version="1.0" encoding="UTF-8"?>
<testsuite name="com.aor.pacman.model.CoinTest" tests="2" skipped="0" failures="0" errors="0" timestamp="2022-12-23T18:12:44" hostname="GCSAM-DESKTOP" time="0.001">
  <properties/>
  <testcase name="changePowerUp()" classname="com.aor.pacman.model.CoinTest" time="0.001"/>
  <testcase name="powerUp()" classname="com.aor.pacman.model.CoinTest" time="0.0"/>
  <system-out><![CDATA[]]></system-out>
  <system-err><![CDATA[]]></system-err>
</testsuite>
