<?xml version="1.0" encoding="UTF-8"?>
<testsuite name="com.aor.pacman.viewer.ArenaViewerTest" tests="5" skipped="0" failures="0" errors="0" timestamp="2022-12-23T18:12:44" hostname="GCSAM-DESKTOP" time="0.023">
  <properties/>
  <testcase name="drawMonsters()" classname="com.aor.pacman.viewer.ArenaViewerTest" time="0.012"/>
  <testcase name="drawPacman()" classname="com.aor.pacman.viewer.ArenaViewerTest" time="0.001"/>
  <testcase name="drawCoins()" classname="com.aor.pacman.viewer.ArenaViewerTest" time="0.002"/>
  <testcase name="drawWalls()" classname="com.aor.pacman.viewer.ArenaViewerTest" time="0.004"/>
  <testcase name="refreshAndClear()" classname="com.aor.pacman.viewer.ArenaViewerTest" time="0.002"/>
  <system-out><![CDATA[]]></system-out>
  <system-err><![CDATA[]]></system-err>
</testsuite>
